disp(tableCONST);
   50.0000   50.0000    0.0522    0.1716    0.0206    0.0522    0.0540    0.0526
   50.0000  100.0000    0.0502    0.2660    0.0020    0.0500    0.0556    0.0530
   50.0000  150.0000    0.0480    0.3212         0    0.0478    0.0518    0.0576
   50.0000  200.0000    0.0506    0.3796         0    0.0506    0.0542    0.0538
  100.0000   50.0000    0.0556    0.1108    0.0436    0.0554    0.0562    0.0524
  100.0000  100.0000    0.0532    0.1718    0.0178    0.0534    0.0534    0.0508
  100.0000  150.0000    0.0496    0.2154    0.0044    0.0496    0.0512    0.0480
  100.0000  200.0000    0.0512    0.2598    0.0010    0.0508    0.0518    0.0540
  150.0000   50.0000    0.0592    0.1014    0.0534    0.0610    0.0606    0.0594
  150.0000  100.0000    0.0544    0.1360    0.0370    0.0540    0.0548    0.0550
  150.0000  150.0000    0.0498    0.1766    0.0162    0.0494    0.0524    0.0466
  150.0000  200.0000    0.0530    0.1992    0.0050    0.0536    0.0544    0.0546
  200.0000   50.0000    0.0638    0.0910    0.0602    0.0632    0.0632    0.0636
  200.0000  100.0000    0.0542    0.1152    0.0466    0.0536    0.0556    0.0564
  200.0000  150.0000    0.0476    0.1350    0.0270    0.0468    0.0476    0.0478
  200.0000  200.0000    0.0566    0.1718    0.0170    0.0572    0.0586    0.0564

disp(tableBETA);
   50.0000   50.0000    0.0608    0.0596    0.0616    0.0624    0.0642    0.0616
   50.0000  100.0000    0.0536    0.0548    0.0530    0.0510    0.0506    0.0532
   50.0000  150.0000    0.0492    0.0480    0.0502    0.0494    0.0490    0.0500
   50.0000  200.0000    0.0556    0.0536    0.0572    0.0556    0.0550    0.0570
  100.0000   50.0000    0.0540    0.0548    0.0540    0.0520    0.0520    0.0520
  100.0000  100.0000    0.0564    0.0558    0.0556    0.0572    0.0564    0.0572
  100.0000  150.0000    0.0454    0.0452    0.0476    0.0488    0.0488    0.0490
  100.0000  200.0000    0.0574    0.0562    0.0572    0.0580    0.0566    0.0580
  150.0000   50.0000    0.0624    0.0618    0.0616    0.0606    0.0606    0.0604
  150.0000  100.0000    0.0566    0.0570    0.0564    0.0570    0.0574    0.0562
  150.0000  150.0000    0.0500    0.0506    0.0514    0.0508    0.0502    0.0500
  150.0000  200.0000    0.0478    0.0462    0.0468    0.0474    0.0476    0.0486
  200.0000   50.0000    0.0540    0.0554    0.0554    0.0562    0.0556    0.0580
  200.0000  100.0000    0.0550    0.0542    0.0552    0.0528    0.0532    0.0518
  200.0000  150.0000    0.0516    0.0522    0.0524    0.0540    0.0536    0.0534
  200.0000  200.0000    0.0502    0.0510    0.0502    0.0532    0.0526    0.0518

disp(tableW);
   50.0000   50.0000    0.0594    0.1482    0.0398    0.0688    0.0652    0.0710
   50.0000  100.0000    0.0578    0.2204    0.0236    0.0574    0.0550    0.0540
   50.0000  150.0000    0.0514    0.2760    0.0168    0.0484    0.0496    0.0532
   50.0000  200.0000    0.0558    0.3340    0.0186    0.0546    0.0584    0.0560
  100.0000   50.0000    0.0576    0.1022    0.0500    0.0634    0.0656    0.0610
  100.0000  100.0000    0.0572    0.1460    0.0350    0.0560    0.0568    0.0574
  100.0000  150.0000    0.0478    0.1786    0.0176    0.0482    0.0476    0.0490
  100.0000  200.0000    0.0564    0.2262    0.0216    0.0548    0.0548    0.0586
  150.0000   50.0000    0.0660    0.0972    0.0622    0.0690    0.0678    0.0724
  150.0000  100.0000    0.0580    0.1148    0.0468    0.0590    0.0596    0.0606
  150.0000  150.0000    0.0526    0.1476    0.0308    0.0522    0.0484    0.0526
  150.0000  200.0000    0.0536    0.1650    0.0218    0.0542    0.0520    0.0480
  200.0000   50.0000    0.0644    0.0852    0.0636    0.0660    0.0690    0.0668
  200.0000  100.0000    0.0546    0.0998    0.0492    0.0558    0.0576    0.0580
  200.0000  150.0000    0.0522    0.1096    0.0412    0.0550    0.0548    0.0558
  200.0000  200.0000    0.0554    0.1468    0.0344    0.0560    0.0584    0.0576

diary off;
