Table 2 contains: const  R  q_u  q_pi  t_m,n,tau   W_m,n,tau_on_LaggedLosses
Table2
    1.0000  241.0000    1.0000    1.0000    0.0040    0.0001
    1.0000  241.0000    1.0000    3.0000    0.0210    0.0010
    1.0000  241.0000    3.0000    1.0000    0.0099    0.0007
    1.0000  241.0000    3.0000    3.0000    0.0391    0.0029
    3.0000  241.0000    1.0000    1.0000    0.2564    0.0002
    3.0000  241.0000    1.0000    3.0000    0.3260    0.0002
    3.0000  241.0000    3.0000    1.0000    0.4342    0.0004
    3.0000  241.0000    3.0000    3.0000    0.5245    0.0004
   12.0000  241.0000    1.0000    1.0000    0.1111    0.0022
   12.0000  241.0000    1.0000    3.0000    0.3121    0.0022
   12.0000  241.0000    3.0000    1.0000    0.7565    0.0019
   12.0000  241.0000    3.0000    3.0000    0.9480    0.0034

Table3 contains: t_beta   t_gamma   t_rho   Wald_all_mon   t_infl_var
Table3
    1.0000    1.0000    1.0000   -2.2852    1.8280   19.7700    9.5326   -1.0194
    1.0000    1.0000    1.0000    0.1559    0.0176    0.7951    0.0230    0.0242
    1.0000    1.0000    3.0000   -2.3477    1.6115    6.4837    7.3863   -0.8920
    1.0000    1.0000    3.0000    0.1590    0.0368    0.9331    0.0606    0.0513
    1.0000    3.0000    1.0000   -2.3061    1.7121   13.9574    8.3970   -0.9809
    1.0000    3.0000    1.0000    0.1484    0.0278    0.8562    0.0385    0.0318
    1.0000    3.0000    3.0000   -2.3541    1.5127    1.9767    6.6234   -0.8661
    1.0000    3.0000    3.0000    0.1530    0.0495    0.9799    0.0849    0.0595
    3.0000    1.0000    1.0000   -1.8064   -0.4039 -114.2813    1.9849   -1.7138
    3.0000    1.0000    1.0000    0.5308    0.7850    0.2485    0.5755    0.0007
    3.0000    1.0000    3.0000   -1.8374   -0.2674 -122.4644    2.0771   -1.7167
    3.0000    1.0000    3.0000    0.5192    0.8575    0.2384    0.5566    0.0005
    3.0000    3.0000    1.0000   -1.6505   -0.5675 -128.8062    2.3369   -1.7053
    3.0000    3.0000    1.0000    0.5752    0.7060    0.2006    0.5055    0.0009
    3.0000    3.0000    3.0000   -1.6565   -0.4152 -136.1908    2.3855   -1.7026
    3.0000    3.0000    3.0000    0.5696    0.7823    0.1946    0.4963    0.0007
   12.0000    1.0000    1.0000   -1.3039   -0.1049 -199.5263    6.2682   -1.8760
   12.0000    1.0000    1.0000    0.5775    0.9417    0.0400    0.0993    0.0001
   12.0000    1.0000    3.0000   -1.6391   -0.4173 -192.0844    6.7779   -1.6412
   12.0000    1.0000    3.0000    0.4799    0.7760    0.0322    0.0793    0.0003
   12.0000    3.0000    1.0000   -0.6794   -0.8627 -256.5750    7.1620   -1.8781
   12.0000    3.0000    1.0000    0.7967    0.5918    0.0255    0.0669    0.0003
   12.0000    3.0000    3.0000   -0.9595   -1.1084 -250.9081    8.4447   -1.6618
   12.0000    3.0000    3.0000    0.7076    0.4877    0.0169    0.0377    0.0009

